<?xml version="1.0" encoding="UTF-8"?>
<testsuite xmlns:xsi="http://www.w3.org/2001/XMLSchema-instance" xsi:noNamespaceSchemaLocation="https://maven.apache.org/surefire/maven-surefire-plugin/xsd/surefire-test-report-3.0.xsd" version="3.0" name="TestIntArrayWorker" time="0.963" tests="3" errors="0" skipped="0" failures="3">
  <properties>
[...]
</properties>
  <testcase name="getLargestTest" classname="TestIntArrayWorker" time="0.193">
    <failure message="Testing IntArrayWorker.getLargest() expected:&lt;... should be 6 and is [6&#10;Largest should be 6 and is 6&#10;Largest should be 6 and is 6&#10;Largest should be 6 and is 6]&gt; but was:&lt;... should be 6 and is [0&#10;Largest should be 6 and is 0&#10;Largest should be 6 and is 0&#10;Largest should be 6 and is 0]&gt;" type="org.junit.ComparisonFailure"><![CDATA[org.junit.ComparisonFailure: 
Testing IntArrayWorker.getLargest() expected:<... should be 6 and is [6
Largest should be 6 and is 6
Largest should be 6 and is 6
Largest should be 6 and is 6]> but was:<... should be 6 and is [0
Largest should be 6 and is 0
Largest should be 6 and is 0
Largest should be 6 and is 0]>
	at TestIntArrayWorker.getLargestTest(TestIntArrayWorker.java:56)
]]></failure>
  </testcase>
  <testcase name="getColTotalTest" classname="TestIntArrayWorker" time="0.014">
    <failure message="Testing IntArrayWorker.getColTotal() expected:&lt;... should be 5 and is [5&#10;Total for column 1 should be 7 and is 7&#10;Total for column 2 should be 9 and is 9]&gt; but was:&lt;... should be 5 and is [0&#10;Total for column 1 should be 7 and is 0&#10;Total for column 2 should be 9 and is 0]&gt;" type="org.junit.ComparisonFailure"><![CDATA[org.junit.ComparisonFailure: 
Testing IntArrayWorker.getColTotal() expected:<... should be 5 and is [5
Total for column 1 should be 7 and is 7
Total for column 2 should be 9 and is 9]> but was:<... should be 5 and is [0
Total for column 1 should be 7 and is 0
Total for column 2 should be 9 and is 0]>
	at TestIntArrayWorker.getColTotalTest(TestIntArrayWorker.java:67)
]]></failure>
  </testcase>
  <testcase name="getCountTest" classname="TestIntArrayWorker" time="0.08">
    <failure message="Testing IntArrayWorker.getCount() expected:&lt;...d be 6 and count is [6]&gt; but was:&lt;...d be 6 and count is [0]&gt;" type="org.junit.ComparisonFailure"><![CDATA[org.junit.ComparisonFailure: Testing IntArrayWorker.getCount() expected:<...d be 6 and count is [6]> but was:<...d be 6 and count is [0]>
	at TestIntArrayWorker.getCountTest(TestIntArrayWorker.java:45)
]]></failure>
  </testcase>
</testsuite>