<?xml version="1.0" encoding="UTF-8"?>
<testsuite xmlns:xsi="http://www.w3.org/2001/XMLSchema-instance" xsi:noNamespaceSchemaLocation="https://maven.apache.org/surefire/maven-surefire-plugin/xsd/surefire-test-report-3.0.xsd" version="3.0" name="TestIntArrayWorker" time="0.963" tests="3" errors="0" skipped="0" failures="3">
  <properties>
    <property name="awt.toolkit" value="sun.awt.X11.XToolkit"/>
    <property name="java.specification.version" value="11"/>
    <property name="sun.cpu.isalist" value=""/>
    <property name="sun.jnu.encoding" value="UTF-8"/>
    <property name="java.class.path" value="/home/runner/Lab-19-Picture-Lab/target/test-classes:/home/runner/Lab-19-Picture-Lab/target/classes:/home/runner/.m2/repository/junit/junit/4.13.1/junit-4.13.1.jar:/home/runner/.m2/repository/org/hamcrest/hamcrest-core/1.3/hamcrest-core-1.3.jar:"/>
    <property name="java.vm.vendor" value="Ubuntu"/>
    <property name="sun.arch.data.model" value="64"/>
    <property name="java.vendor.url" value="https://ubuntu.com/"/>
    <property name="user.timezone" value=""/>
    <property name="java.vm.specification.version" value="11"/>
    <property name="os.name" value="Linux"/>
    <property name="sun.java.launcher" value="SUN_STANDARD"/>
    <property name="user.country" value="US"/>
    <property name="sun.boot.library.path" value="/usr/lib/jvm/java-11-openjdk-amd64/lib"/>
    <property name="sun.java.command" value="/home/runner/Lab-19-Picture-Lab/target/surefire/surefirebooter9194416394770653832.jar /home/runner/Lab-19-Picture-Lab/target/surefire 2021-01-08T20-29-53_157-jvmRun1 surefire993326674144315150tmp surefire_017567499176941802005tmp"/>
    <property name="jdk.debug" value="release"/>
    <property name="surefire.test.class.path" value="/home/runner/Lab-19-Picture-Lab/target/test-classes:/home/runner/Lab-19-Picture-Lab/target/classes:/home/runner/.m2/repository/junit/junit/4.13.1/junit-4.13.1.jar:/home/runner/.m2/repository/org/hamcrest/hamcrest-core/1.3/hamcrest-core-1.3.jar:"/>
    <property name="sun.cpu.endian" value="little"/>
    <property name="user.home" value="/home/runner"/>
    <property name="user.language" value="en"/>
    <property name="java.specification.vendor" value="Oracle Corporation"/>
    <property name="java.version.date" value="2020-11-04"/>
    <property name="java.home" value="/usr/lib/jvm/java-11-openjdk-amd64"/>
    <property name="file.separator" value="/"/>
    <property name="basedir" value="/home/runner/Lab-19-Picture-Lab"/>
    <property name="java.vm.compressedOopsMode" value="32-bit"/>
    <property name="line.separator" value="&#10;"/>
    <property name="java.specification.name" value="Java Platform API Specification"/>
    <property name="java.vm.specification.vendor" value="Oracle Corporation"/>
    <property name="java.awt.graphicsenv" value="sun.awt.X11GraphicsEnvironment"/>
    <property name="surefire.real.class.path" value="/home/runner/Lab-19-Picture-Lab/target/surefire/surefirebooter9194416394770653832.jar"/>
    <property name="sun.management.compiler" value="HotSpot 64-Bit Tiered Compilers"/>
    <property name="java.runtime.version" value="11.0.9.1+1-Ubuntu-0ubuntu1.18.04"/>
    <property name="user.name" value="runner"/>
    <property name="path.separator" value=":"/>
    <property name="os.version" value="5.4.0-1019-gcp"/>
    <property name="java.runtime.name" value="OpenJDK Runtime Environment"/>
    <property name="file.encoding" value="UTF-8"/>
    <property name="java.vm.name" value="OpenJDK 64-Bit Server VM"/>
    <property name="localRepository" value="/home/runner/.m2/repository"/>
    <property name="java.vendor.url.bug" value="https://bugs.launchpad.net/ubuntu/+source/openjdk-lts"/>
    <property name="java.io.tmpdir" value="/tmp"/>
    <property name="java.version" value="11.0.9.1"/>
    <property name="user.dir" value="/home/runner/Lab-19-Picture-Lab"/>
    <property name="os.arch" value="amd64"/>
    <property name="java.vm.specification.name" value="Java Virtual Machine Specification"/>
    <property name="java.awt.printerjob" value="sun.print.PSPrinterJob"/>
    <property name="sun.os.patch.level" value="unknown"/>
    <property name="java.library.path" value="/home/runner/.apt/usr/lib/x86_64-linux-gnu:/home/runner/.apt/usr/lib/i386-linux-gnu:/home/runner/.apt/usr/lib::/usr/java/packages/lib:/usr/lib/x86_64-linux-gnu/jni:/lib/x86_64-linux-gnu:/usr/lib/x86_64-linux-gnu:/usr/lib/jni:/lib:/usr/lib"/>
    <property name="java.vm.info" value="mixed mode, sharing"/>
    <property name="java.vendor" value="Ubuntu"/>
    <property name="java.vm.version" value="11.0.9.1+1-Ubuntu-0ubuntu1.18.04"/>
    <property name="sun.io.unicode.encoding" value="UnicodeLittle"/>
    <property name="java.class.version" value="55.0"/>
  </properties>
  <testcase name="getLargestTest" classname="TestIntArrayWorker" time="0.193">
    <failure message="Testing IntArrayWorker.getLargest() expected:&lt;... should be 6 and is [6&#10;Largest should be 6 and is 6&#10;Largest should be 6 and is 6&#10;Largest should be 6 and is 6]&gt; but was:&lt;... should be 6 and is [0&#10;Largest should be 6 and is 0&#10;Largest should be 6 and is 0&#10;Largest should be 6 and is 0]&gt;" type="org.junit.ComparisonFailure"><![CDATA[org.junit.ComparisonFailure: 
Testing IntArrayWorker.getLargest() expected:<... should be 6 and is [6
Largest should be 6 and is 6
Largest should be 6 and is 6
Largest should be 6 and is 6]> but was:<... should be 6 and is [0
Largest should be 6 and is 0
Largest should be 6 and is 0
Largest should be 6 and is 0]>
	at TestIntArrayWorker.getLargestTest(TestIntArrayWorker.java:56)
]]></failure>
  </testcase>
  <testcase name="getColTotalTest" classname="TestIntArrayWorker" time="0.014">
    <failure message="Testing IntArrayWorker.getColTotal() expected:&lt;... should be 5 and is [5&#10;Total for column 1 should be 7 and is 7&#10;Total for column 2 should be 9 and is 9]&gt; but was:&lt;... should be 5 and is [0&#10;Total for column 1 should be 7 and is 0&#10;Total for column 2 should be 9 and is 0]&gt;" type="org.junit.ComparisonFailure"><![CDATA[org.junit.ComparisonFailure: 
Testing IntArrayWorker.getColTotal() expected:<... should be 5 and is [5
Total for column 1 should be 7 and is 7
Total for column 2 should be 9 and is 9]> but was:<... should be 5 and is [0
Total for column 1 should be 7 and is 0
Total for column 2 should be 9 and is 0]>
	at TestIntArrayWorker.getColTotalTest(TestIntArrayWorker.java:67)
]]></failure>
  </testcase>
  <testcase name="getCountTest" classname="TestIntArrayWorker" time="0.08">
    <failure message="Testing IntArrayWorker.getCount() expected:&lt;...d be 6 and count is [6]&gt; but was:&lt;...d be 6 and count is [0]&gt;" type="org.junit.ComparisonFailure"><![CDATA[org.junit.ComparisonFailure: Testing IntArrayWorker.getCount() expected:<...d be 6 and count is [6]> but was:<...d be 6 and count is [0]>
	at TestIntArrayWorker.getCountTest(TestIntArrayWorker.java:45)
]]></failure>
  </testcase>
</testsuite>